<?xml version="1.0" encoding="UTF-8"?>
<testng-results skipped="0" failed="0" ignored="0" total="3" passed="3">
  <reporter-output>
  </reporter-output>
  <suite name="Default suite" duration-ms="10527" started-at="2023-03-13T19:13:38Z" finished-at="2023-03-13T19:13:49Z">
    <groups>
      <group name="cucumber">
        <method signature="AbstractTestNGCucumberTests.runScenario(io.cucumber.testng.PickleWrapper, io.cucumber.testng.FeatureWrapper)[pri:0, instance:runners.RunnerTests@6f3b5d16]" name="runScenario" class="io.cucumber.testng.AbstractTestNGCucumberTests"/>
      </group> <!-- cucumber -->
    </groups>
    <test name="Default test" duration-ms="10527" started-at="2023-03-13T19:13:38Z" finished-at="2023-03-13T19:13:49Z">
      <class name="runners.RunnerTests">
        <test-method status="PASS" signature="setUpClass()[pri:0, instance:runners.RunnerTests@6f3b5d16]" name="setUpClass" is-config="true" duration-ms="231" started-at="2023-03-13T19:13:38Z" finished-at="2023-03-13T19:13:38Z">
          <reporter-output>
          </reporter-output>
        </test-method> <!-- setUpClass -->
        <test-method status="PASS" signature="runScenario(io.cucumber.testng.PickleWrapper, io.cucumber.testng.FeatureWrapper)[pri:0, instance:runners.RunnerTests@6f3b5d16]" name="runScenario" duration-ms="3641" started-at="2023-03-13T19:13:38Z" description="Runs Cucumber Scenarios" data-provider="scenarios" finished-at="2023-03-13T19:13:42Z">
          <params>
            <param index="0">
              <value>
                <![CDATA["Enter valid username and password"]]>
              </value>
            </param>
            <param index="1">
              <value>
                <![CDATA["Optional[Login to Techfios application]"]]>
              </value>
            </param>
          </params>
          <reporter-output>
          </reporter-output>
        </test-method> <!-- runScenario -->
        <test-method status="PASS" signature="runScenario(io.cucumber.testng.PickleWrapper, io.cucumber.testng.FeatureWrapper)[pri:0, instance:runners.RunnerTests@6f3b5d16]" name="runScenario" duration-ms="3697" started-at="2023-03-13T19:13:42Z" description="Runs Cucumber Scenarios" data-provider="scenarios" finished-at="2023-03-13T19:13:46Z">
          <params>
            <param index="0">
              <value>
                <![CDATA["Enter invalid username and password"]]>
              </value>
            </param>
            <param index="1">
              <value>
                <![CDATA["Optional[Login to Techfios application]"]]>
              </value>
            </param>
          </params>
          <reporter-output>
          </reporter-output>
        </test-method> <!-- runScenario -->
        <test-method status="PASS" signature="runScenario(io.cucumber.testng.PickleWrapper, io.cucumber.testng.FeatureWrapper)[pri:0, instance:runners.RunnerTests@6f3b5d16]" name="runScenario" duration-ms="2932" started-at="2023-03-13T19:13:46Z" description="Runs Cucumber Scenarios" data-provider="scenarios" finished-at="2023-03-13T19:13:49Z">
          <params>
            <param index="0">
              <value>
                <![CDATA["Enter invalid username and password"]]>
              </value>
            </param>
            <param index="1">
              <value>
                <![CDATA["Optional[Login to Techfios application]"]]>
              </value>
            </param>
          </params>
          <reporter-output>
          </reporter-output>
        </test-method> <!-- runScenario -->
        <test-method status="PASS" signature="tearDownClass()[pri:0, instance:runners.RunnerTests@6f3b5d16]" name="tearDownClass" is-config="true" duration-ms="5" started-at="2023-03-13T19:13:49Z" finished-at="2023-03-13T19:13:49Z">
          <reporter-output>
          </reporter-output>
        </test-method> <!-- tearDownClass -->
      </class> <!-- runners.RunnerTests -->
    </test> <!-- Default test -->
  </suite> <!-- Default suite -->
</testng-results>
